  Game.cpp
  Generating Code...
  Skipping... (no relevant changes detected)
  SceneManager.cpp
  MainScene.cpp
JAudioSource.obj : error LNK2019: unresolved external symbol "__declspec(dllimport) public: float __cdecl sf::Time::asSeconds(void)const " (__imp_?asSeconds@Time@sf@@QEBAMXZ) referenced in function "public: __cdecl JAudioSource::JAudioSource(class std::basic_string<char,struct std::char_traits<char>,class std::allocator<char> >)" (??0JAudioSource@@QEAA@V?$basic_string@DU?$char_traits@D@std@@V?$allocator@D@2@@std@@@Z)
JAudioSource.obj : error LNK2019: unresolved external symbol "__declspec(dllimport) public: void __cdecl sf::SoundStream::play(void)" (__imp_?play@SoundStream@sf@@QEAAXXZ) referenced in function "public: void __cdecl JAudioSource::Play(void)" (?Play@JAudioSource@@QEAAXXZ)
JAudioSource.obj : error LNK2019: unresolved external symbol "__declspec(dllimport) public: void __cdecl sf::SoundStream::pause(void)" (__imp_?pause@SoundStream@sf@@QEAAXXZ) referenced in function "public: void __cdecl JAudioSource::Pause(void)" (?Pause@JAudioSource@@QEAAXXZ)
JAudioSource.obj : error LNK2019: unresolved external symbol "__declspec(dllimport) public: void __cdecl sf::SoundStream::stop(void)" (__imp_?stop@SoundStream@sf@@QEAAXXZ) referenced in function "public: void __cdecl JAudioSource::Stop(void)" (?Stop@JAudioSource@@QEAAXXZ)
JAudioSource.obj : error LNK2019: unresolved external symbol "__declspec(dllimport) public: __cdecl sf::Music::Music(void)" (__imp_??0Music@sf@@QEAA@XZ) referenced in function "public: __cdecl JAudioSource::JAudioSource(class std::basic_string<char,struct std::char_traits<char>,class std::allocator<char> >)" (??0JAudioSource@@QEAA@V?$basic_string@DU?$char_traits@D@std@@V?$allocator@D@2@@std@@@Z)
JAudioSource.obj : error LNK2019: unresolved external symbol "__declspec(dllimport) public: virtual __cdecl sf::Music::~Music(void)" (__imp_??1Music@sf@@UEAA@XZ) referenced in function "int `public: __cdecl JAudioSource::JAudioSource(class std::basic_string<char,struct std::char_traits<char>,class std::allocator<char> >)'::`1'::dtor$1" (?dtor$1@?0???0JAudioSource@@QEAA@V?$basic_string@DU?$char_traits@D@std@@V?$allocator@D@2@@std@@@Z@4HA)
JAudioSource.obj : error LNK2019: unresolved external symbol "__declspec(dllimport) public: bool __cdecl sf::Music::openFromFile(class std::basic_string<char,struct std::char_traits<char>,class std::allocator<char> > const &)" (__imp_?openFromFile@Music@sf@@QEAA_NAEBV?$basic_string@DU?$char_traits@D@std@@V?$allocator@D@2@@std@@@Z) referenced in function "public: __cdecl JAudioSource::JAudioSource(class std::basic_string<char,struct std::char_traits<char>,class std::allocator<char> >)" (??0JAudioSource@@QEAA@V?$basic_string@DU?$char_traits@D@std@@V?$allocator@D@2@@std@@@Z)
JAudioSource.obj : error LNK2019: unresolved external symbol "__declspec(dllimport) public: __cdecl sf::Sound::Sound(void)" (__imp_??0Sound@sf@@QEAA@XZ) referenced in function "public: __cdecl JAudioSource::JAudioSource(class std::basic_string<char,struct std::char_traits<char>,class std::allocator<char> >)" (??0JAudioSource@@QEAA@V?$basic_string@DU?$char_traits@D@std@@V?$allocator@D@2@@std@@@Z)
JAudioSource.obj : error LNK2019: unresolved external symbol "__declspec(dllimport) public: virtual __cdecl sf::Sound::~Sound(void)" (__imp_??1Sound@sf@@UEAA@XZ) referenced in function "int `public: __cdecl JAudioSource::JAudioSource(class std::basic_string<char,struct std::char_traits<char>,class std::allocator<char> >)'::`1'::dtor$2" (?dtor$2@?0???0JAudioSource@@QEAA@V?$basic_string@DU?$char_traits@D@std@@V?$allocator@D@2@@std@@@Z@4HA)
JAudioSource.obj : error LNK2019: unresolved external symbol "__declspec(dllimport) public: void __cdecl sf::Sound::play(void)" (__imp_?play@Sound@sf@@QEAAXXZ) referenced in function "public: void __cdecl JAudioSource::Play(void)" (?Play@JAudioSource@@QEAAXXZ)
JAudioSource.obj : error LNK2019: unresolved external symbol "__declspec(dllimport) public: void __cdecl sf::Sound::pause(void)" (__imp_?pause@Sound@sf@@QEAAXXZ) referenced in function "public: void __cdecl JAudioSource::Pause(void)" (?Pause@JAudioSource@@QEAAXXZ)
JAudioSource.obj : error LNK2019: unresolved external symbol "__declspec(dllimport) public: void __cdecl sf::Sound::stop(void)" (__imp_?stop@Sound@sf@@QEAAXXZ) referenced in function "public: void __cdecl JAudioSource::Stop(void)" (?Stop@JAudioSource@@QEAAXXZ)
JAudioSource.obj : error LNK2019: unresolved external symbol "__declspec(dllimport) public: void __cdecl sf::Sound::setBuffer(class sf::SoundBuffer const &)" (__imp_?setBuffer@Sound@sf@@QEAAXAEBVSoundBuffer@2@@Z) referenced in function "public: __cdecl JAudioSource::JAudioSource(class std::basic_string<char,struct std::char_traits<char>,class std::allocator<char> >)" (??0JAudioSource@@QEAA@V?$basic_string@DU?$char_traits@D@std@@V?$allocator@D@2@@std@@@Z)
JAudioSource.obj : error LNK2019: unresolved external symbol "__declspec(dllimport) public: __cdecl sf::SoundBuffer::SoundBuffer(void)" (__imp_??0SoundBuffer@sf@@QEAA@XZ) referenced in function "public: __cdecl JAudioSource::JAudioSource(class std::basic_string<char,struct std::char_traits<char>,class std::allocator<char> >)" (??0JAudioSource@@QEAA@V?$basic_string@DU?$char_traits@D@std@@V?$allocator@D@2@@std@@@Z)
JAudioSource.obj : error LNK2019: unresolved external symbol "__declspec(dllimport) public: __cdecl sf::SoundBuffer::~SoundBuffer(void)" (__imp_??1SoundBuffer@sf@@QEAA@XZ) referenced in function "int `public: __cdecl JAudioSource::JAudioSource(class std::basic_string<char,struct std::char_traits<char>,class std::allocator<char> >)'::`1'::dtor$3" (?dtor$3@?0???0JAudioSource@@QEAA@V?$basic_string@DU?$char_traits@D@std@@V?$allocator@D@2@@std@@@Z@4HA)
JAudioSource.obj : error LNK2019: unresolved external symbol "__declspec(dllimport) public: bool __cdecl sf::SoundBuffer::loadFromFile(class std::basic_string<char,struct std::char_traits<char>,class std::allocator<char> > const &)" (__imp_?loadFromFile@SoundBuffer@sf@@QEAA_NAEBV?$basic_string@DU?$char_traits@D@std@@V?$allocator@D@2@@std@@@Z) referenced in function "public: __cdecl JAudioSource::JAudioSource(class std::basic_string<char,struct std::char_traits<char>,class std::allocator<char> >)" (??0JAudioSource@@QEAA@V?$basic_string@DU?$char_traits@D@std@@V?$allocator@D@2@@std@@@Z)
JAudioSource.obj : error LNK2019: unresolved external symbol "__declspec(dllimport) public: class sf::Time __cdecl sf::SoundBuffer::getDuration(void)const " (__imp_?getDuration@SoundBuffer@sf@@QEBA?AVTime@2@XZ) referenced in function "public: __cdecl JAudioSource::JAudioSource(class std::basic_string<char,struct std::char_traits<char>,class std::allocator<char> >)" (??0JAudioSource@@QEAA@V?$basic_string@DU?$char_traits@D@std@@V?$allocator@D@2@@std@@@Z)
D:\School\2016-2017\Modules\Eigen Ambitieproject\JEngine\Game\\SFML\lib\sfml-system-d.lib : warning LNK4272: library machine type 'X86' conflicts with target machine type 'x64'
D:\School\2016-2017\Modules\Eigen Ambitieproject\JEngine\Game\\SFML\lib\sfml-graphics-d.lib : warning LNK4272: library machine type 'X86' conflicts with target machine type 'x64'
D:\School\2016-2017\Modules\Eigen Ambitieproject\JEngine\Game\\SFML\lib\sfml-audio-d.lib : warning LNK4272: library machine type 'X86' conflicts with target machine type 'x64'
D:\School\2016-2017\Modules\Eigen Ambitieproject\JEngine\Game\\SFML\lib\sfml-network-d.lib : warning LNK4272: library machine type 'X86' conflicts with target machine type 'x64'
D:\School\2016-2017\Modules\Eigen Ambitieproject\JEngine\Game\\SFML\lib\sfml-window-d.lib : warning LNK4272: library machine type 'X86' conflicts with target machine type 'x64'
D:\School\2016-2017\Modules\Eigen Ambitieproject\JEngine\Game\x64\Debug\Game.exe : fatal error LNK1120: 17 unresolved externals
